17:13:08.919 [main] INFO  testCases.TC001_AccountRegistrationTest - * Clicked on Register Link *
17:13:08.933 [main] INFO  testCases.TC001_AccountRegistrationTest - * Providing Customer Details *
17:13:10.876 [main] INFO  testCases.TC001_AccountRegistrationTest - * Validating Expected Message *
17:13:10.909 [main] INFO  testCases.TC001_AccountRegistrationTest - *** Finished TC001_AccountRegistrationTest ***
17:13:13.550 [main] INFO  testCases.TC002_LoginTest - *** Starting Tc002_LoginTest ***
17:13:15.192 [main] INFO  testCases.TC002_LoginTest - *** Finished Tc002_LoginTest ***
17:13:18.061 [main] INFO  testCases.TC004_SearchProductTest - ***Starting TC_004 Search-Product Test***
17:13:25.350 [main] INFO  testCases.TC005_AddToCartTest - ***Starting TC_005 Add Product To Cart Test***
17:17:10.028 [main] INFO  testCases.TC001_AccountRegistrationTest - *** Starting TC001_AccountRegistrationTest ***
17:17:10.366 [main] INFO  testCases.TC001_AccountRegistrationTest - * Clicked on My Account Link *
17:17:11.063 [main] INFO  testCases.TC001_AccountRegistrationTest - * Clicked on Register Link *
17:17:11.065 [main] INFO  testCases.TC001_AccountRegistrationTest - * Providing Customer Details *
17:17:12.556 [main] INFO  testCases.TC001_AccountRegistrationTest - * Validating Expected Message *
17:17:12.618 [main] INFO  testCases.TC001_AccountRegistrationTest - *** Finished TC001_AccountRegistrationTest ***
17:17:15.368 [main] INFO  testCases.TC002_LoginTest - *** Starting Tc002_LoginTest ***
17:17:17.354 [main] INFO  testCases.TC002_LoginTest - *** Finished Tc002_LoginTest ***
17:26:44.921 [main] INFO  testCases.TC001_AccountRegistrationTest - *** Starting TC001_AccountRegistrationTest ***
17:26:45.415 [main] INFO  testCases.TC001_AccountRegistrationTest - * Clicked on My Account Link *
17:26:46.025 [main] INFO  testCases.TC001_AccountRegistrationTest - * Clicked on Register Link *
17:26:46.027 [main] INFO  testCases.TC001_AccountRegistrationTest - * Providing Customer Details *
17:26:47.608 [main] INFO  testCases.TC001_AccountRegistrationTest - * Validating Expected Message *
17:26:47.655 [main] INFO  testCases.TC001_AccountRegistrationTest - *** Finished TC001_AccountRegistrationTest ***
17:26:51.489 [main] INFO  testCases.TC002_LoginTest - *** Starting Tc002_LoginTest ***
17:26:53.501 [main] INFO  testCases.TC002_LoginTest - *** Finished Tc002_LoginTest ***
17:46:02.703 [main] INFO  testCases.TC001_AccountRegistrationTest - *** Starting TC001_AccountRegistrationTest ***
17:46:02.939 [main] INFO  testCases.TC001_AccountRegistrationTest - * Clicked on My Account Link *
17:46:03.741 [main] INFO  testCases.TC001_AccountRegistrationTest - * Clicked on Register Link *
17:46:03.743 [main] INFO  testCases.TC001_AccountRegistrationTest - * Providing Customer Details *
17:46:04.517 [main] INFO  testCases.TC001_AccountRegistrationTest - * Validating Expected Message *
17:46:05.467 [main] INFO  testCases.TC001_AccountRegistrationTest - *** Finished TC001_AccountRegistrationTest ***
17:46:07.862 [main] INFO  testCases.TC002_LoginTest - *** Starting Tc002_LoginTest ***
17:46:09.699 [main] INFO  testCases.TC002_LoginTest - *** Finished Tc002_LoginTest ***
17:46:12.015 [main] INFO  testCases.TC004_SearchProductTest - ***Starting TC_004 Search-Product Test***
17:46:18.456 [main] INFO  testCases.TC005_AddToCartTest - ***Starting TC_005 Add Product To Cart Test***
18:01:37.501 [main] INFO  testCases.TC001_AccountRegistrationTest - *** Starting TC001_AccountRegistrationTest ***
18:01:37.784 [main] INFO  testCases.TC001_AccountRegistrationTest - * Clicked on My Account Link *
18:01:38.581 [main] INFO  testCases.TC001_AccountRegistrationTest - * Clicked on Register Link *
18:01:38.586 [main] INFO  testCases.TC001_AccountRegistrationTest - * Providing Customer Details *
18:01:40.664 [main] INFO  testCases.TC001_AccountRegistrationTest - * Validating Expected Message *
18:01:40.714 [main] INFO  testCases.TC001_AccountRegistrationTest - *** Finished TC001_AccountRegistrationTest ***
18:01:43.584 [main] INFO  testCases.TC002_LoginTest - *** Starting Tc002_LoginTest ***
18:01:45.886 [main] INFO  testCases.TC002_LoginTest - *** Finished Tc002_LoginTest ***
18:01:48.785 [main] INFO  testCases.TC004_SearchProductTest - ***Starting TC_004 Search-Product Test***
18:01:56.350 [main] INFO  testCases.TC005_AddToCartTest - ***Starting TC_005 Add Product To Cart Test***
18:17:25.466 [main] INFO  testCases.TC001_AccountRegistrationTest - *** Starting TC001_AccountRegistrationTest ***
18:17:25.843 [main] INFO  testCases.TC001_AccountRegistrationTest - * Clicked on My Account Link *
18:17:26.336 [main] INFO  testCases.TC001_AccountRegistrationTest - * Clicked on Register Link *
18:17:26.341 [main] INFO  testCases.TC001_AccountRegistrationTest - * Providing Customer Details *
18:17:28.261 [main] INFO  testCases.TC001_AccountRegistrationTest - * Validating Expected Message *
18:17:28.305 [main] INFO  testCases.TC001_AccountRegistrationTest - *** Finished TC001_AccountRegistrationTest ***
