19:43:15.626 [main] DEBUG org.apache.poi.openxml4j.opc.PackageRelationshipCollection - Parsing relationship: /_rels/.rels
19:43:15.681 [main] DEBUG org.apache.poi.openxml4j.opc.PackageRelationshipCollection - Parsing relationship: /xl/_rels/workbook.xml.rels
19:43:15.687 [main] DEBUG org.apache.poi.openxml4j.opc.PackageRelationshipCollection - Parsing relationship: /_rels/.rels
19:43:15.762 [main] DEBUG org.apache.poi.openxml4j.opc.PackageRelationshipCollection - Parsing relationship: /xl/_rels/workbook.xml.rels
19:43:15.764 [main] DEBUG org.apache.poi.openxml4j.opc.PackageRelationshipCollection - Parsing relationship: /_rels/.rels
19:43:15.792 [main] DEBUG org.apache.poi.openxml4j.opc.PackageRelationshipCollection - Parsing relationship: /xl/_rels/workbook.xml.rels
19:43:15.792 [main] DEBUG org.apache.poi.openxml4j.opc.PackageRelationshipCollection - Parsing relationship: /_rels/.rels
19:43:15.819 [main] DEBUG org.apache.poi.openxml4j.opc.PackageRelationshipCollection - Parsing relationship: /xl/_rels/workbook.xml.rels
19:43:15.823 [main] DEBUG org.apache.poi.openxml4j.opc.PackageRelationshipCollection - Parsing relationship: /_rels/.rels
19:43:15.894 [main] INFO  testCases.TC003_LoginDDT - *** Starting TC003_LoginDDT ***
19:43:18.327 [main] INFO  testCases.TC003_LoginDDT - *** Starting TC003_LoginDDT ***
19:43:18.342 [main] INFO  testCases.TC003_LoginDDT - *** Starting TC003_LoginDDT ***
19:43:29.270 [main] INFO  testCases.TC003_LoginDDT - *** Starting TC003_LoginDDT ***
19:43:29.284 [main] INFO  testCases.TC003_LoginDDT - *** Starting TC003_LoginDDT ***
19:43:40.206 [main] INFO  testCases.TC003_LoginDDT - *** Starting TC003_LoginDDT ***
19:43:40.214 [main] INFO  testCases.TC003_LoginDDT - *** Starting TC003_LoginDDT ***
19:43:52.209 [main] INFO  testCases.TC003_LoginDDT - *** Starting TC003_LoginDDT ***
19:43:52.220 [main] INFO  testCases.TC003_LoginDDT - *** Starting TC003_LoginDDT ***
19:43:55.119 [main] INFO  testCases.TC003_LoginDDT - *** Starting TC003_LoginDDT ***
00:24:29.371 [main] INFO  testCases.TC002_LoginTest - *** Starting Tc002_LoginTest ***
00:24:31.161 [main] INFO  testCases.TC002_LoginTest - *** Finished Tc002_LoginTest ***
00:25:47.232 [main] INFO  testCases.TC001_AccountRegistrationTest - *** Starting TC001_AccountRegistrationTest ***
00:25:47.394 [main] INFO  testCases.TC001_AccountRegistrationTest - * Clicked on My Account Link *
00:25:48.188 [main] INFO  testCases.TC001_AccountRegistrationTest - * Clicked on Register Link *
00:25:48.193 [main] INFO  testCases.TC001_AccountRegistrationTest - * Providing Customer Details *
00:25:49.825 [main] INFO  testCases.TC001_AccountRegistrationTest - * Validating Expected Message *
00:25:49.886 [main] INFO  testCases.TC001_AccountRegistrationTest - *** Finished TC001_AccountRegistrationTest ***
00:25:56.380 [main] INFO  testCases.TC002_LoginTest - *** Starting Tc002_LoginTest ***
00:25:57.941 [main] INFO  testCases.TC002_LoginTest - *** Finished Tc002_LoginTest ***
01:48:37.834 [main] INFO  testCases.TC001_AccountRegistrationTest - *** Starting TC001_AccountRegistrationTest ***
01:48:37.993 [main] INFO  testCases.TC001_AccountRegistrationTest - * Clicked on My Account Link *
01:48:39.071 [main] INFO  testCases.TC001_AccountRegistrationTest - * Clicked on Register Link *
01:48:39.074 [main] INFO  testCases.TC001_AccountRegistrationTest - * Providing Customer Details *
01:48:40.788 [main] INFO  testCases.TC001_AccountRegistrationTest - * Validating Expected Message *
01:48:40.828 [main] INFO  testCases.TC001_AccountRegistrationTest - *** Finished TC001_AccountRegistrationTest ***
01:48:45.043 [main] INFO  testCases.TC002_LoginTest - *** Starting Tc002_LoginTest ***
01:48:46.601 [main] INFO  testCases.TC002_LoginTest - *** Finished Tc002_LoginTest ***
01:52:24.422 [main] INFO  testCases.TC001_AccountRegistrationTest - *** Starting TC001_AccountRegistrationTest ***
01:52:24.585 [main] INFO  testCases.TC001_AccountRegistrationTest - * Clicked on My Account Link *
01:52:26.320 [main] INFO  testCases.TC001_AccountRegistrationTest - * Clicked on Register Link *
01:52:26.323 [main] INFO  testCases.TC001_AccountRegistrationTest - * Providing Customer Details *
01:52:27.903 [main] INFO  testCases.TC001_AccountRegistrationTest - * Validating Expected Message *
01:52:27.947 [main] INFO  testCases.TC001_AccountRegistrationTest - *** Finished TC001_AccountRegistrationTest ***
01:52:34.289 [main] INFO  testCases.TC002_LoginTest - *** Starting Tc002_LoginTest ***
02:04:37.928 [main] INFO  testCases.TC002_LoginTest - *** Starting Tc002_LoginTest ***
02:04:39.797 [main] INFO  testCases.TC002_LoginTest - *** Finished Tc002_LoginTest ***
15:46:51.175 [main] INFO  testCases.TC001_AccountRegistrationTest - *** Starting TC001_AccountRegistrationTest ***
15:46:51.360 [main] INFO  testCases.TC001_AccountRegistrationTest - * Clicked on My Account Link *
15:46:52.399 [main] INFO  testCases.TC001_AccountRegistrationTest - * Clicked on Register Link *
