16:02:39.021 [main] INFO  testCases.TC001_AccountRegistrationTest - *** Starting TC001_AccountRegistrationTest ***
16:02:39.172 [main] INFO  testCases.TC001_AccountRegistrationTest - * Clicked on My Account Link *
16:02:40.261 [main] INFO  testCases.TC001_AccountRegistrationTest - * Clicked on Register Link *
16:02:40.263 [main] INFO  testCases.TC001_AccountRegistrationTest - * Providing Customer Details *
16:02:41.840 [main] INFO  testCases.TC001_AccountRegistrationTest - * Validating Expected Message *
16:02:41.878 [main] ERROR testCases.TC001_AccountRegistrationTest - Test Failed..
16:02:41.878 [main] DEBUG testCases.TC001_AccountRegistrationTest - Debug logs..
16:04:52.282 [main] INFO  testCases.TC001_AccountRegistrationTest - *** Starting TC001_AccountRegistrationTest ***
16:04:52.429 [main] INFO  testCases.TC001_AccountRegistrationTest - * Clicked on My Account Link *
16:04:56.520 [main] INFO  testCases.TC001_AccountRegistrationTest - * Clicked on Register Link *
16:04:56.523 [main] INFO  testCases.TC001_AccountRegistrationTest - * Providing Customer Details *
16:04:58.660 [main] INFO  testCases.TC001_AccountRegistrationTest - * Validating Expected Message *
16:04:58.732 [main] INFO  testCases.TC001_AccountRegistrationTest - *** Finished TC001_AccountRegistrationTest ***
16:25:33.576 [main] INFO  testCases.TC001_AccountRegistrationTest - *** Starting TC001_AccountRegistrationTest ***
16:25:33.798 [main] INFO  testCases.TC001_AccountRegistrationTest - * Clicked on My Account Link *
16:25:35.147 [main] INFO  testCases.TC001_AccountRegistrationTest - * Clicked on Register Link *
16:25:35.152 [main] INFO  testCases.TC001_AccountRegistrationTest - * Providing Customer Details *
16:25:37.002 [main] INFO  testCases.TC001_AccountRegistrationTest - * Validating Expected Message *
16:25:37.082 [main] INFO  testCases.TC001_AccountRegistrationTest - *** Finished TC001_AccountRegistrationTest ***
16:26:05.397 [main] INFO  testCases.TC001_AccountRegistrationTest - *** Starting TC001_AccountRegistrationTest ***
16:26:05.564 [main] INFO  testCases.TC001_AccountRegistrationTest - * Clicked on My Account Link *
16:26:08.640 [main] INFO  testCases.TC001_AccountRegistrationTest - * Clicked on Register Link *
16:26:08.644 [main] INFO  testCases.TC001_AccountRegistrationTest - * Providing Customer Details *
16:26:10.499 [main] INFO  testCases.TC001_AccountRegistrationTest - * Validating Expected Message *
16:26:10.543 [main] INFO  testCases.TC001_AccountRegistrationTest - *** Finished TC001_AccountRegistrationTest ***
16:32:22.508 [main] INFO  testCases.TC001_AccountRegistrationTest - *** Starting TC001_AccountRegistrationTest ***
16:32:22.704 [main] INFO  testCases.TC001_AccountRegistrationTest - * Clicked on My Account Link *
16:32:25.463 [main] INFO  testCases.TC001_AccountRegistrationTest - * Clicked on Register Link *
16:32:25.471 [main] INFO  testCases.TC001_AccountRegistrationTest - * Providing Customer Details *
16:32:27.203 [main] INFO  testCases.TC001_AccountRegistrationTest - * Validating Expected Message *
16:32:27.248 [main] INFO  testCases.TC001_AccountRegistrationTest - *** Finished TC001_AccountRegistrationTest ***
16:32:33.417 [main] INFO  testCases.TC001_AccountRegistrationTest - *** Starting TC001_AccountRegistrationTest ***
16:32:33.554 [main] INFO  testCases.TC001_AccountRegistrationTest - * Clicked on My Account Link *
16:32:34.626 [main] INFO  testCases.TC001_AccountRegistrationTest - * Clicked on Register Link *
16:32:34.628 [main] INFO  testCases.TC001_AccountRegistrationTest - * Providing Customer Details *
16:32:36.801 [main] INFO  testCases.TC001_AccountRegistrationTest - * Validating Expected Message *
16:32:36.856 [main] INFO  testCases.TC001_AccountRegistrationTest - *** Finished TC001_AccountRegistrationTest ***
16:34:01.751 [TestNG-tests-1] INFO  testCases.TC001_AccountRegistrationTest - *** Starting TC001_AccountRegistrationTest ***
16:34:01.996 [TestNG-tests-1] INFO  testCases.TC001_AccountRegistrationTest - * Clicked on My Account Link *
16:34:03.821 [TestNG-tests-2] INFO  testCases.TC001_AccountRegistrationTest - *** Starting TC001_AccountRegistrationTest ***
16:34:03.955 [TestNG-tests-1] INFO  testCases.TC001_AccountRegistrationTest - * Clicked on Register Link *
16:34:03.966 [TestNG-tests-1] INFO  testCases.TC001_AccountRegistrationTest - * Providing Customer Details *
16:34:04.035 [TestNG-tests-2] INFO  testCases.TC001_AccountRegistrationTest - * Clicked on My Account Link *
16:34:05.764 [TestNG-tests-2] INFO  testCases.TC001_AccountRegistrationTest - * Clicked on Register Link *
16:34:05.764 [TestNG-tests-2] INFO  testCases.TC001_AccountRegistrationTest - * Providing Customer Details *
16:34:06.952 [TestNG-tests-1] INFO  testCases.TC001_AccountRegistrationTest - * Validating Expected Message *
16:34:07.042 [TestNG-tests-1] INFO  testCases.TC001_AccountRegistrationTest - *** Finished TC001_AccountRegistrationTest ***
16:34:07.650 [TestNG-tests-2] INFO  testCases.TC001_AccountRegistrationTest - * Validating Expected Message *
